[     292ms] [ERROR] Loading the script 'https://www.googletagmanager.com/gtag/js?id=G-V1NRN2X49Y' violates the following Content Security Policy directive: "script-src 'self' https://js.stripe.com". Note that 'script-src-elem' was not explicitly set, so 'script-src' is used as a fallback. The action has been blocked. @ https://tckwellness.org/admin/:0
[     292ms] [ERROR] Executing inline script violates the following Content Security Policy directive 'script-src 'self' https://js.stripe.com'. Either the 'unsafe-inline' keyword, a hash ('sha256-eI7+9dKd85o5XeSao8/t1Qbq8yj6kpzt02BCdvkDfsw='), or a nonce ('nonce-...') is required to enable inline execution. The action has been blocked. @ https://tckwellness.org/admin/:17
[     292ms] [ERROR] Loading the script 'https://static.cloudflareinsights.com/beacon.min.js/v8c78df7c7c0f484497ecbca7046644da1771523124516' violates the following Content Security Policy directive: "script-src 'self' https://js.stripe.com". Note that 'script-src-elem' was not explicitly set, so 'script-src' is used as a fallback. The action has been blocked. @ https://tckwellness.org/admin/:0
[     819ms] [ERROR] Failed to load resource: the server responded with a status of 401 () @ https://tckwellness.org/api/auth/me:0
[    1071ms] [VERBOSE] [DOM] Input elements should have autocomplete attributes (suggested: "current-password"): (More info: https://goo.gl/9p2vKq) %o @ https://tckwellness.org/auth/login:0
[   17819ms] [ERROR] ReferenceError: Plus is not defined
    at ol (https://tckwellness.org/assets/page-builder-E2noxK_c.js:2:113188)
    at sy (https://tckwellness.org/assets/vendor-CDe0svN7.js:6:17866)
    at PP (https://tckwellness.org/assets/vendor-CDe0svN7.js:8:44948)
    at xP (https://tckwellness.org/assets/vendor-CDe0svN7.js:8:40516)
    at l8 (https://tckwellness.org/assets/vendor-CDe0svN7.js:8:40444)
    at ap (https://tckwellness.org/assets/vendor-CDe0svN7.js:8:40297)
    at Oy (https://tckwellness.org/assets/vendor-CDe0svN7.js:8:36556)
    at yP (https://tckwellness.org/assets/vendor-CDe0svN7.js:8:37368)
    at Vs (https://tckwellness.org/assets/vendor-CDe0svN7.js:6:3273)
    at https://tckwellness.org/assets/vendor-CDe0svN7.js:8:34865 @ https://tckwellness.org/assets/vendor-CDe0svN7.js:7
[   17820ms] ReferenceError: Plus is not defined
    at ol (https://tckwellness.org/assets/page-builder-E2noxK_c.js:2:113188)
    at sy (https://tckwellness.org/assets/vendor-CDe0svN7.js:6:17866)
    at PP (https://tckwellness.org/assets/vendor-CDe0svN7.js:8:44948)
    at xP (https://tckwellness.org/assets/vendor-CDe0svN7.js:8:40516)
    at l8 (https://tckwellness.org/assets/vendor-CDe0svN7.js:8:40444)
    at ap (https://tckwellness.org/assets/vendor-CDe0svN7.js:8:40297)
    at Oy (https://tckwellness.org/assets/vendor-CDe0svN7.js:8:36556)
    at yP (https://tckwellness.org/assets/vendor-CDe0svN7.js:8:37368)
    at Vs (https://tckwellness.org/assets/vendor-CDe0svN7.js:6:3273)
    at https://tckwellness.org/assets/vendor-CDe0svN7.js:8:34865
[   20231ms] [ERROR] Loading the script 'https://www.googletagmanager.com/gtag/js?id=G-V1NRN2X49Y' violates the following Content Security Policy directive: "script-src 'self' https://js.stripe.com". Note that 'script-src-elem' was not explicitly set, so 'script-src' is used as a fallback. The action has been blocked. @ https://tckwellness.org/admin/cms/pages/465442fd-a56d-4276-82a6-e9e3ebbdf2bb:0
[   20231ms] [ERROR] Executing inline script violates the following Content Security Policy directive 'script-src 'self' https://js.stripe.com'. Either the 'unsafe-inline' keyword, a hash ('sha256-eI7+9dKd85o5XeSao8/t1Qbq8yj6kpzt02BCdvkDfsw='), or a nonce ('nonce-...') is required to enable inline execution. The action has been blocked. @ https://tckwellness.org/admin/cms/pages/465442fd-a56d-4276-82a6-e9e3ebbdf2bb:17
[   20231ms] [ERROR] Loading the script 'https://static.cloudflareinsights.com/beacon.min.js/v8c78df7c7c0f484497ecbca7046644da1771523124516' violates the following Content Security Policy directive: "script-src 'self' https://js.stripe.com". Note that 'script-src-elem' was not explicitly set, so 'script-src' is used as a fallback. The action has been blocked. @ https://tckwellness.org/admin/cms/pages/465442fd-a56d-4276-82a6-e9e3ebbdf2bb:0
[   20656ms] [ERROR] ReferenceError: Plus is not defined
    at ol (https://tckwellness.org/assets/page-builder-E2noxK_c.js:2:113188)
    at sy (https://tckwellness.org/assets/vendor-CDe0svN7.js:6:17866)
    at PP (https://tckwellness.org/assets/vendor-CDe0svN7.js:8:44948)
    at xP (https://tckwellness.org/assets/vendor-CDe0svN7.js:8:40516)
    at l8 (https://tckwellness.org/assets/vendor-CDe0svN7.js:8:40444)
    at ap (https://tckwellness.org/assets/vendor-CDe0svN7.js:8:40297)
    at Oy (https://tckwellness.org/assets/vendor-CDe0svN7.js:8:36556)
    at yP (https://tckwellness.org/assets/vendor-CDe0svN7.js:8:37368)
    at Vs (https://tckwellness.org/assets/vendor-CDe0svN7.js:6:3273)
    at https://tckwellness.org/assets/vendor-CDe0svN7.js:8:34865 @ https://tckwellness.org/assets/vendor-CDe0svN7.js:7
[   20657ms] ReferenceError: Plus is not defined
    at ol (https://tckwellness.org/assets/page-builder-E2noxK_c.js:2:113188)
    at sy (https://tckwellness.org/assets/vendor-CDe0svN7.js:6:17866)
    at PP (https://tckwellness.org/assets/vendor-CDe0svN7.js:8:44948)
    at xP (https://tckwellness.org/assets/vendor-CDe0svN7.js:8:40516)
    at l8 (https://tckwellness.org/assets/vendor-CDe0svN7.js:8:40444)
    at ap (https://tckwellness.org/assets/vendor-CDe0svN7.js:8:40297)
    at Oy (https://tckwellness.org/assets/vendor-CDe0svN7.js:8:36556)
    at yP (https://tckwellness.org/assets/vendor-CDe0svN7.js:8:37368)
    at Vs (https://tckwellness.org/assets/vendor-CDe0svN7.js:6:3273)
    at https://tckwellness.org/assets/vendor-CDe0svN7.js:8:34865
[   22589ms] [ERROR] Loading the script 'https://www.googletagmanager.com/gtag/js?id=G-V1NRN2X49Y' violates the following Content Security Policy directive: "script-src 'self' https://js.stripe.com". Note that 'script-src-elem' was not explicitly set, so 'script-src' is used as a fallback. The action has been blocked. @ https://tckwellness.org/admin/cms/pages/465442fd-a56d-4276-82a6-e9e3ebbdf2bb:0
[   22589ms] [ERROR] Executing inline script violates the following Content Security Policy directive 'script-src 'self' https://js.stripe.com'. Either the 'unsafe-inline' keyword, a hash ('sha256-eI7+9dKd85o5XeSao8/t1Qbq8yj6kpzt02BCdvkDfsw='), or a nonce ('nonce-...') is required to enable inline execution. The action has been blocked. @ https://tckwellness.org/admin/cms/pages/465442fd-a56d-4276-82a6-e9e3ebbdf2bb:17
[   22589ms] [ERROR] Loading the script 'https://static.cloudflareinsights.com/beacon.min.js/v8c78df7c7c0f484497ecbca7046644da1771523124516' violates the following Content Security Policy directive: "script-src 'self' https://js.stripe.com". Note that 'script-src-elem' was not explicitly set, so 'script-src' is used as a fallback. The action has been blocked. @ https://tckwellness.org/admin/cms/pages/465442fd-a56d-4276-82a6-e9e3ebbdf2bb:0
[   22897ms] [ERROR] ReferenceError: Plus is not defined
    at ol (https://tckwellness.org/assets/page-builder-E2noxK_c.js:2:113188)
    at sy (https://tckwellness.org/assets/vendor-CDe0svN7.js:6:17866)
    at PP (https://tckwellness.org/assets/vendor-CDe0svN7.js:8:44948)
    at xP (https://tckwellness.org/assets/vendor-CDe0svN7.js:8:40516)
    at l8 (https://tckwellness.org/assets/vendor-CDe0svN7.js:8:40444)
    at ap (https://tckwellness.org/assets/vendor-CDe0svN7.js:8:40297)
    at Oy (https://tckwellness.org/assets/vendor-CDe0svN7.js:8:36556)
    at yP (https://tckwellness.org/assets/vendor-CDe0svN7.js:8:37368)
    at Vs (https://tckwellness.org/assets/vendor-CDe0svN7.js:6:3273)
    at https://tckwellness.org/assets/vendor-CDe0svN7.js:8:34865 @ https://tckwellness.org/assets/vendor-CDe0svN7.js:7
[   22899ms] ReferenceError: Plus is not defined
    at ol (https://tckwellness.org/assets/page-builder-E2noxK_c.js:2:113188)
    at sy (https://tckwellness.org/assets/vendor-CDe0svN7.js:6:17866)
    at PP (https://tckwellness.org/assets/vendor-CDe0svN7.js:8:44948)
    at xP (https://tckwellness.org/assets/vendor-CDe0svN7.js:8:40516)
    at l8 (https://tckwellness.org/assets/vendor-CDe0svN7.js:8:40444)
    at ap (https://tckwellness.org/assets/vendor-CDe0svN7.js:8:40297)
    at Oy (https://tckwellness.org/assets/vendor-CDe0svN7.js:8:36556)
    at yP (https://tckwellness.org/assets/vendor-CDe0svN7.js:8:37368)
    at Vs (https://tckwellness.org/assets/vendor-CDe0svN7.js:6:3273)
    at https://tckwellness.org/assets/vendor-CDe0svN7.js:8:34865
[   23661ms] [ERROR] Loading the script 'https://www.googletagmanager.com/gtag/js?id=G-V1NRN2X49Y' violates the following Content Security Policy directive: "script-src 'self' https://js.stripe.com". Note that 'script-src-elem' was not explicitly set, so 'script-src' is used as a fallback. The action has been blocked. @ https://tckwellness.org/admin/cms/pages/465442fd-a56d-4276-82a6-e9e3ebbdf2bb:0
[   23661ms] [ERROR] Executing inline script violates the following Content Security Policy directive 'script-src 'self' https://js.stripe.com'. Either the 'unsafe-inline' keyword, a hash ('sha256-eI7+9dKd85o5XeSao8/t1Qbq8yj6kpzt02BCdvkDfsw='), or a nonce ('nonce-...') is required to enable inline execution. The action has been blocked. @ https://tckwellness.org/admin/cms/pages/465442fd-a56d-4276-82a6-e9e3ebbdf2bb:17
[   23662ms] [ERROR] Loading the script 'https://static.cloudflareinsights.com/beacon.min.js/v8c78df7c7c0f484497ecbca7046644da1771523124516' violates the following Content Security Policy directive: "script-src 'self' https://js.stripe.com". Note that 'script-src-elem' was not explicitly set, so 'script-src' is used as a fallback. The action has been blocked. @ https://tckwellness.org/admin/cms/pages/465442fd-a56d-4276-82a6-e9e3ebbdf2bb:0
[   23976ms] [ERROR] ReferenceError: Plus is not defined
    at ol (https://tckwellness.org/assets/page-builder-E2noxK_c.js:2:113188)
    at sy (https://tckwellness.org/assets/vendor-CDe0svN7.js:6:17866)
    at PP (https://tckwellness.org/assets/vendor-CDe0svN7.js:8:44948)
    at xP (https://tckwellness.org/assets/vendor-CDe0svN7.js:8:40516)
    at l8 (https://tckwellness.org/assets/vendor-CDe0svN7.js:8:40444)
    at ap (https://tckwellness.org/assets/vendor-CDe0svN7.js:8:40297)
    at Oy (https://tckwellness.org/assets/vendor-CDe0svN7.js:8:36556)
    at yP (https://tckwellness.org/assets/vendor-CDe0svN7.js:8:37368)
    at Vs (https://tckwellness.org/assets/vendor-CDe0svN7.js:6:3273)
    at https://tckwellness.org/assets/vendor-CDe0svN7.js:8:34865 @ https://tckwellness.org/assets/vendor-CDe0svN7.js:7
[   23977ms] ReferenceError: Plus is not defined
    at ol (https://tckwellness.org/assets/page-builder-E2noxK_c.js:2:113188)
    at sy (https://tckwellness.org/assets/vendor-CDe0svN7.js:6:17866)
    at PP (https://tckwellness.org/assets/vendor-CDe0svN7.js:8:44948)
    at xP (https://tckwellness.org/assets/vendor-CDe0svN7.js:8:40516)
    at l8 (https://tckwellness.org/assets/vendor-CDe0svN7.js:8:40444)
    at ap (https://tckwellness.org/assets/vendor-CDe0svN7.js:8:40297)
    at Oy (https://tckwellness.org/assets/vendor-CDe0svN7.js:8:36556)
    at yP (https://tckwellness.org/assets/vendor-CDe0svN7.js:8:37368)
    at Vs (https://tckwellness.org/assets/vendor-CDe0svN7.js:6:3273)
    at https://tckwellness.org/assets/vendor-CDe0svN7.js:8:34865
[   50255ms] [ERROR] Loading the script 'https://www.googletagmanager.com/gtag/js?id=G-V1NRN2X49Y' violates the following Content Security Policy directive: "script-src 'self' https://js.stripe.com". Note that 'script-src-elem' was not explicitly set, so 'script-src' is used as a fallback. The action has been blocked. @ https://tckwellness.org/admin/cms/pages/465442fd-a56d-4276-82a6-e9e3ebbdf2bb:0
[   50256ms] [ERROR] Executing inline script violates the following Content Security Policy directive 'script-src 'self' https://js.stripe.com'. Either the 'unsafe-inline' keyword, a hash ('sha256-eI7+9dKd85o5XeSao8/t1Qbq8yj6kpzt02BCdvkDfsw='), or a nonce ('nonce-...') is required to enable inline execution. The action has been blocked. @ https://tckwellness.org/admin/cms/pages/465442fd-a56d-4276-82a6-e9e3ebbdf2bb:17
[   50256ms] [ERROR] Loading the script 'https://static.cloudflareinsights.com/beacon.min.js/v8c78df7c7c0f484497ecbca7046644da1771523124516' violates the following Content Security Policy directive: "script-src 'self' https://js.stripe.com". Note that 'script-src-elem' was not explicitly set, so 'script-src' is used as a fallback. The action has been blocked. @ https://tckwellness.org/admin/cms/pages/465442fd-a56d-4276-82a6-e9e3ebbdf2bb:0
[   50512ms] [ERROR] ReferenceError: Plus is not defined
    at ol (https://tckwellness.org/assets/page-builder-E2noxK_c.js:2:113188)
    at sy (https://tckwellness.org/assets/vendor-CDe0svN7.js:6:17866)
    at PP (https://tckwellness.org/assets/vendor-CDe0svN7.js:8:44948)
    at xP (https://tckwellness.org/assets/vendor-CDe0svN7.js:8:40516)
    at l8 (https://tckwellness.org/assets/vendor-CDe0svN7.js:8:40444)
    at ap (https://tckwellness.org/assets/vendor-CDe0svN7.js:8:40297)
    at Oy (https://tckwellness.org/assets/vendor-CDe0svN7.js:8:36556)
    at yP (https://tckwellness.org/assets/vendor-CDe0svN7.js:8:37368)
    at Vs (https://tckwellness.org/assets/vendor-CDe0svN7.js:6:3273)
    at https://tckwellness.org/assets/vendor-CDe0svN7.js:8:34865 @ https://tckwellness.org/assets/vendor-CDe0svN7.js:7
[   50513ms] ReferenceError: Plus is not defined
    at ol (https://tckwellness.org/assets/page-builder-E2noxK_c.js:2:113188)
    at sy (https://tckwellness.org/assets/vendor-CDe0svN7.js:6:17866)
    at PP (https://tckwellness.org/assets/vendor-CDe0svN7.js:8:44948)
    at xP (https://tckwellness.org/assets/vendor-CDe0svN7.js:8:40516)
    at l8 (https://tckwellness.org/assets/vendor-CDe0svN7.js:8:40444)
    at ap (https://tckwellness.org/assets/vendor-CDe0svN7.js:8:40297)
    at Oy (https://tckwellness.org/assets/vendor-CDe0svN7.js:8:36556)
    at yP (https://tckwellness.org/assets/vendor-CDe0svN7.js:8:37368)
    at Vs (https://tckwellness.org/assets/vendor-CDe0svN7.js:6:3273)
    at https://tckwellness.org/assets/vendor-CDe0svN7.js:8:34865
